#
# A fatal error has been detected by the Java Runtime Environment:
#
#  EXCEPTION_ACCESS_VIOLATION (0xc0000005) at pc=0x00000001800044cb, pid=9388, tid=19340
#
# JRE version: Java(TM) SE Runtime Environment (17.0.8+9) (build 17.0.8+9-LTS-211)
# Java VM: Java HotSpot(TM) 64-Bit Server VM (17.0.8+9-LTS-211, mixed mode, sharing, tiered, compressed oops, compressed class ptrs, g1 gc, windows-amd64)
# Problematic frame:
# C  [rxtxSerial.dll+0x44cb]
#
# No core dump will be written. Minidumps are not enabled by default on client versions of Windows
#
# If you would like to submit a bug report, please visit:
#   https://bugreport.java.com/bugreport/crash.jsp
# The crash happened outside the Java Virtual Machine in native code.
# See problematic frame for where to report the bug.
#

---------------  S U M M A R Y ------------

Command Line: MultiWiiConf

Host: Intel(R) Core(TM) i5-10210U CPU @ 1.60GHz, 8 cores, 7G,  Windows 11 , 64 bit Build 26100 (10.0.26100.4202)
Time: Thu Jun  5 21:31:05 2025 Mountain Summer Time elapsed time: 36.356531 seconds (0d 0h 0m 36s)

---------------  T H R E A D  ---------------

Current thread (0x0000019fc353de70):  JavaThread "Animation Thread" [_thread_in_native, id=19340, stack(0x0000000604300000,0x0000000604400000)]

Stack: [0x0000000604300000,0x0000000604400000],  sp=0x00000006043fec30,  free space=1019k
Native frames: (J=compiled Java code, j=interpreted, Vv=VM code, C=native code)
C  [rxtxSerial.dll+0x44cb]

Java frames: (J=compiled Java code, j=interpreted, Vv=VM code)
j  gnu.io.RXTXPort.nativeDrain(Z)Z+0
j  gnu.io.RXTXPort$SerialOutputStream.flush()V+92
j  processing.serial.Serial.write([B)V+12
j  MultiWiiConf.sendRequestMSP(Ljava/util/List;)V+60
j  MultiWiiConf.draw()V+934
J 1915 c1 processing.core.PApplet.handleDraw()V (239 bytes) @ 0x0000019facb4e5bc [0x0000019facb4de80+0x000000000000073c]
j  processing.core.PApplet.run()V+72
j  java.lang.Thread.run()V+11 java.base@17.0.8
v  ~StubRoutines::call_stub

siginfo: EXCEPTION_ACCESS_VIOLATION (0xc0000005), reading address 0x00000000042ff15c


Register to memory mapping:

RIP=0x00000001800044cb rxtxSerial.dll
RAX=0x000000000000001c is an unknown value
RBX=0x0000000000000001 is an unknown value
RCX=0x00000006043ff00c is pointing into the stack for thread: 0x0000019fc353de70
RDX=0x0 is NULL
RSP=0x00000006043fec30 is pointing into the stack for thread: 0x0000019fc353de70
RBP=0x0000000000000001 is an unknown value
RSI=0x0 is NULL
RDI=0x0000019fc353e118 points into unknown readable memory: 0x00007ffaa2611660 | 60 16 61 a2 fa 7f 00 00
R8 =0x00000006043fe8f0 is pointing into the stack for thread: 0x0000019fc353de70
R9 =0x0000000180000000 rxtxSerial.dll
R10=0x0 is NULL
R11=0x0000000000000200 is an unknown value
R12=0x00000000042ff150 is an unknown value
R13=0x0 is NULL
R14=0x00000006043ff120 is pointing into the stack for thread: 0x0000019fc353de70
R15=0x0000019fc353de70 is a thread


Registers:
RAX=0x000000000000001c, RBX=0x0000000000000001, RCX=0x00000006043ff00c, RDX=0x0000000000000000
RSP=0x00000006043fec30, RBP=0x0000000000000001, RSI=0x0000000000000000, RDI=0x0000019fc353e118
R8 =0x00000006043fe8f0, R9 =0x0000000180000000, R10=0x0000000000000000, R11=0x0000000000000200
R12=0x00000000042ff150, R13=0x0000000000000000, R14=0x00000006043ff120, R15=0x0000019fc353de70
RIP=0x00000001800044cb, EFLAGS=0x0000000000010206

Top of Stack: (sp=0x00000006043fec30)
0x00000006043fec30:   000001a005858aa0 000000018001c4c0
0x00000006043fec40:   0000000000000000 0000000000000000
0x00000006043fec50:   0000000000000000 0000000000000000
0x00000006043fec60:   00000006043ff120 0000019fc353de70
0x00000006043fec70:   0000019fc4009040 0000019fc40105a0
0x00000006043fec80:   0000019fc353de70 0000019fc40105a0
0x00000006043fec90:   0000019fc353de70 fffffffe00000000
0x00000006043feca0:   0000000000000000 0000000000000000
0x00000006043fecb0:   0000019fc30190c0 00007ffaa1ef5cf7
0x00000006043fecc0:   0000019fc34e6338 0000019fc4009040
0x00000006043fecd0:   000000008af26278 00007ffaa1ef7fdb
0x00000006043fece0:   00000006043fecf0 0000019fc40105a0
0x00000006043fecf0:   00000006043fee10 00000000834875e8
0x00000006043fed00:   000000008af26278 0000019fc353de70
0x00000006043fed10:   0000019fc3019468 0000019fc3019090
0x00000006043fed20:   0000019fa4f84350 00007ffaa21b9818 

Instructions: (pc=0x00000001800044cb)
0x00000001800043cb:   89 54 24 30 e8 3c f4 ff ff 48 8b 54 24 30 4c 8d
0x00000001800043db:   0d b4 80 01 00 4c 8d 05 b1 80 01 00 48 8b cf 8b
0x00000001800043eb:   e8 e8 1f f4 ff ff 33 db 4c 63 e0 8b cd e8 43 41
0x00000001800043fb:   00 00 ff c3 8b f0 85 c0 74 0f e8 72 63 00 00 83
0x000000018000440b:   38 04 75 05 83 fb 03 7c e2 48 8d 15 a5 80 01 00
0x000000018000441b:   48 8d 8c 24 c0 03 00 00 44 8b c6 e8 11 5e 00 00
0x000000018000442b:   85 f6 0f 84 86 00 00 00 e8 44 63 00 00 8b 08 e8
0x000000018000443b:   59 62 00 00 4c 8b 07 48 8d 15 a7 80 01 00 48 8b
0x000000018000444b:   cf 48 8b f0 41 ff 50 30 48 8b d8 48 85 c0 75 1b
0x000000018000445b:   48 8b 07 48 8b cf ff 90 80 00 00 00 4c 8b 1f 48
0x000000018000446b:   8b cf 41 ff 93 88 00 00 00 eb 43 4c 8d 0d 63 80
0x000000018000447b:   01 00 48 8d 15 7c 90 01 00 48 8d 8c 24 78 03 00
0x000000018000448b:   00 4c 8b c6 e8 a8 5d 00 00 4c 8b 1f 4c 8d 84 24
0x000000018000449b:   78 03 00 00 48 8b d3 48 8b cf 41 ff 53 70 4c 8b
0x00000001800044ab:   1f 48 8b d3 48 8b cf 41 ff 93 b8 00 00 00 45 84
0x00000001800044bb:   ed 0f 85 b7 00 00 00 4d 85 e4 0f 84 ae 00 00 00
0x00000001800044cb:   41 83 7c 24 0c 00 0f 84 a2 00 00 00 48 8d 4c 24
0x00000001800044db:   38 49 8b d4 41 b8 40 03 00 00 e8 06 64 00 00 4c
0x00000001800044eb:   8b 1f 48 8b 54 24 30 48 8b cf 41 ff 93 f8 00 00
0x00000001800044fb:   00 48 8b 54 24 30 4c 8d 0d f8 7a 01 00 4c 8d 05
0x000000018000450b:   f5 7a 01 00 48 8b cf 48 8b d8 e8 f6 f2 ff ff 4c
0x000000018000451b:   8b 1f 4c 8d 0d e4 7a 01 00 4c 8d 05 e5 7a 01 00
0x000000018000452b:   48 8b d3 48 8b cf 41 ff 93 08 01 00 00 83 bc 24
0x000000018000453b:   d0 00 00 00 01 48 8b f0 7f 34 48 85 db 74 2f 48
0x000000018000454b:   8b 17 48 8b cf ff 92 88 00 00 00 4c 8b 1f 48 8b
0x000000018000455b:   54 24 30 41 b9 02 00 00 00 4c 8b c6 48 8b cf c7
0x000000018000456b:   44 24 20 01 00 00 00 41 ff 93 28 01 00 00 32 c0
0x000000018000457b:   48 8b 8c 24 10 04 00 00 48 33 cc e8 05 5b 00 00
0x000000018000458b:   48 8b 9c 24 60 04 00 00 48 81 c4 20 04 00 00 41
0x000000018000459b:   5d 41 5c 5f 5e 5d c3 cc cc cc cc cc cc cc cc cc
0x00000001800045ab:   cc cc cc cc cc 40 53 48 83 ec 20 41 8b d8 4c 8d
0x00000001800045bb:   0d dc 7e 01 00 4c 8d 05 25 7f 01 00 e8 44 f2 ff 


Stack slot to memory mapping:
stack at sp + 0 slots: {method} {0x000001a005858aa8} 'nativeDrain' '(Z)Z' in 'gnu/io/RXTXPort'
stack at sp + 1 slots: 0x000000018001c4c0 rxtxSerial.dll
stack at sp + 2 slots: 0x0 is NULL
stack at sp + 3 slots: 0x0 is NULL
stack at sp + 4 slots: 0x0 is NULL
stack at sp + 5 slots: 0x0 is NULL
stack at sp + 6 slots: 0x00000006043ff120 is pointing into the stack for thread: 0x0000019fc353de70
stack at sp + 7 slots: 0x0000019fc353de70 is a thread


---------------  P R O C E S S  ---------------

Threads class SMR info:
_java_thread_list=0x000001a009c42560, length=18, elements={
0x0000019fc2fd7db0, 0x0000019fc2fd8960, 0x0000019fc2fee7b0, 0x0000019fc2fef160,
0x0000019fc2fefb10, 0x0000019fc2ff14d0, 0x0000019fc3007d20, 0x0000019fc300f700,
0x0000019fc3010000, 0x0000019fc327b2b0, 0x0000019fc327dba0, 0x0000019fc32e2400,
0x0000019fc32e28d0, 0x0000019fc338d490, 0x0000019fc380a410, 0x0000019fc353de70,
0x0000019fa4f93510, 0x000001a0098bb150
}

Java Threads: ( => current thread )
  0x0000019fc2fd7db0 JavaThread "Reference Handler" daemon [_thread_blocked, id=16596, stack(0x0000000603200000,0x0000000603300000)]
  0x0000019fc2fd8960 JavaThread "Finalizer" daemon [_thread_blocked, id=17816, stack(0x0000000603300000,0x0000000603400000)]
  0x0000019fc2fee7b0 JavaThread "Signal Dispatcher" daemon [_thread_blocked, id=332, stack(0x0000000603400000,0x0000000603500000)]
  0x0000019fc2fef160 JavaThread "Attach Listener" daemon [_thread_blocked, id=20656, stack(0x0000000603500000,0x0000000603600000)]
  0x0000019fc2fefb10 JavaThread "Service Thread" daemon [_thread_blocked, id=1940, stack(0x0000000603600000,0x0000000603700000)]
  0x0000019fc2ff14d0 JavaThread "Monitor Deflation Thread" daemon [_thread_blocked, id=8320, stack(0x0000000603700000,0x0000000603800000)]
  0x0000019fc3007d20 JavaThread "C2 CompilerThread0" daemon [_thread_blocked, id=17264, stack(0x0000000603800000,0x0000000603900000)]
  0x0000019fc300f700 JavaThread "C1 CompilerThread0" daemon [_thread_blocked, id=9420, stack(0x0000000603900000,0x0000000603a00000)]
  0x0000019fc3010000 JavaThread "Sweeper thread" daemon [_thread_blocked, id=2416, stack(0x0000000603a00000,0x0000000603b00000)]
  0x0000019fc327b2b0 JavaThread "Notification Thread" daemon [_thread_blocked, id=4072, stack(0x0000000603b00000,0x0000000603c00000)]
  0x0000019fc327dba0 JavaThread "Common-Cleaner" daemon [_thread_blocked, id=20444, stack(0x0000000603d00000,0x0000000603e00000)]
  0x0000019fc32e2400 JavaThread "Java2D Disposer" daemon [_thread_blocked, id=17148, stack(0x0000000603e00000,0x0000000603f00000)]
  0x0000019fc32e28d0 JavaThread "AWT-Shutdown" [_thread_blocked, id=14684, stack(0x0000000603f00000,0x0000000604000000)]
  0x0000019fc338d490 JavaThread "AWT-Windows" daemon [_thread_in_native, id=5992, stack(0x0000000604000000,0x0000000604100000)]
  0x0000019fc380a410 JavaThread "AWT-EventQueue-0" [_thread_blocked, id=19572, stack(0x0000000604100000,0x0000000604200000)]
=>0x0000019fc353de70 JavaThread "Animation Thread" [_thread_in_native, id=19340, stack(0x0000000604300000,0x0000000604400000)]
  0x0000019fa4f93510 JavaThread "DestroyJavaVM" [_thread_blocked, id=10420, stack(0x0000000602b00000,0x0000000602c00000)]
  0x000001a0098bb150 JavaThread "Thread-0" [_thread_in_native, id=5648, stack(0x0000000604200000,0x0000000604300000)]

Other Threads:
  0x0000019fc2fd3310 VMThread "VM Thread" [stack: 0x0000000603100000,0x0000000603200000] [id=12752]
  0x0000019fa504c4e0 WatcherThread [stack: 0x0000000603c00000,0x0000000603d00000] [id=6152]
  0x0000019fa4fee6c0 GCTaskThread "GC Thread#0" [stack: 0x0000000602c00000,0x0000000602d00000] [id=20368]
  0x000001a0099bd0a0 GCTaskThread "GC Thread#1" [stack: 0x0000000604800000,0x0000000604900000] [id=18260]
  0x0000019fc3b5d780 GCTaskThread "GC Thread#2" [stack: 0x0000000604900000,0x0000000604a00000] [id=19396]
  0x0000019fc3b5e240 GCTaskThread "GC Thread#3" [stack: 0x0000000604a00000,0x0000000604b00000] [id=17996]
  0x0000019fc3b5ef20 GCTaskThread "GC Thread#4" [stack: 0x0000000604b00000,0x0000000604c00000] [id=2952]
  0x0000019fc3b5f1d0 GCTaskThread "GC Thread#5" [stack: 0x0000000604c00000,0x0000000604d00000] [id=20164]
  0x0000019fc3cc2cd0 GCTaskThread "GC Thread#6" [stack: 0x0000000604d00000,0x0000000604e00000] [id=14528]
  0x0000019fc3cc2f80 GCTaskThread "GC Thread#7" [stack: 0x0000000604e00000,0x0000000604f00000] [id=18676]
  0x0000019fa50003f0 ConcurrentGCThread "G1 Main Marker" [stack: 0x0000000602d00000,0x0000000602e00000] [id=9532]
  0x0000019fa5000e00 ConcurrentGCThread "G1 Conc#0" [stack: 0x0000000602e00000,0x0000000602f00000] [id=19316]
  0x0000019fc2e82a70 ConcurrentGCThread "G1 Refine#0" [stack: 0x0000000602f00000,0x0000000603000000] [id=21068]
  0x0000019fc2e84340 ConcurrentGCThread "G1 Service" [stack: 0x0000000603000000,0x0000000603100000] [id=22356]

Threads with active compile tasks:

VM state: not at safepoint (normal execution)

VM Mutex/Monitor currently owned by a thread: None

Heap address: 0x0000000083400000, size: 1996 MB, Compressed Oops mode: 32-bit

CDS archive(s) mapped at: [0x0000019fc4000000-0x0000019fc4bd0000-0x0000019fc4bd0000), size 12386304, SharedBaseAddress: 0x0000019fc4000000, ArchiveRelocationMode: 1.
Compressed class space mapped at: 0x0000019fc5000000-0x000001a005000000, reserved size: 1073741824
Narrow klass base: 0x0000019fc4000000, Narrow klass shift: 0, Narrow klass range: 0x100000000

GC Precious Log:
 CPUs: 8 total, 8 available
 Memory: 7979M
 Large Page Support: Disabled
 NUMA Support: Disabled
 Compressed Oops: Enabled (32-bit)
 Heap Region Size: 1M
 Heap Min Capacity: 8M
 Heap Initial Capacity: 126M
 Heap Max Capacity: 1996M
 Pre-touch: Disabled
 Parallel Workers: 8
 Concurrent Workers: 2
 Concurrent Refinement Workers: 8
 Periodic GC: Disabled

Heap:
 garbage-first heap   total 129024K, used 6897K [0x0000000083400000, 0x0000000100000000)
  region size 1024K, 5 young (5120K), 2 survivors (2048K)
 Metaspace       used 10976K, committed 11200K, reserved 1114112K
  class space    used 868K, committed 960K, reserved 1048576K

Heap Regions: E=young(eden), S=young(survivor), O=old, HS=humongous(starts), HC=humongous(continues), CS=collection set, F=free, OA=open archive, CA=closed archive, TAMS=top-at-mark-start (previous, next)
|   0|0x0000000083400000, 0x0000000083500000, 0x0000000083500000|100%| O|  |TAMS 0x0000000083400000, 0x0000000083400000| Untracked 
|   1|0x0000000083500000, 0x0000000083600000, 0x0000000083600000|100%| O|  |TAMS 0x0000000083500000, 0x0000000083500000| Untracked 
|   2|0x0000000083600000, 0x0000000083700000, 0x0000000083700000|100%| O|  |TAMS 0x0000000083600000, 0x0000000083600000| Untracked 
|   3|0x0000000083700000, 0x0000000083774e00, 0x0000000083800000| 45%| O|  |TAMS 0x0000000083700000, 0x0000000083700000| Untracked 
|   4|0x0000000083800000, 0x0000000083800000, 0x0000000083900000|  0%| F|  |TAMS 0x0000000083800000, 0x0000000083800000| Untracked 
|   5|0x0000000083900000, 0x0000000083900000, 0x0000000083a00000|  0%| F|  |TAMS 0x0000000083900000, 0x0000000083900000| Untracked 
|   6|0x0000000083a00000, 0x0000000083a00000, 0x0000000083b00000|  0%| F|  |TAMS 0x0000000083a00000, 0x0000000083a00000| Untracked 
|   7|0x0000000083b00000, 0x0000000083b00000, 0x0000000083c00000|  0%| F|  |TAMS 0x0000000083b00000, 0x0000000083b00000| Untracked 
|   8|0x0000000083c00000, 0x0000000083c00000, 0x0000000083d00000|  0%| F|  |TAMS 0x0000000083c00000, 0x0000000083c00000| Untracked 
|   9|0x0000000083d00000, 0x0000000083d00000, 0x0000000083e00000|  0%| F|  |TAMS 0x0000000083d00000, 0x0000000083d00000| Untracked 
|  10|0x0000000083e00000, 0x0000000083e00000, 0x0000000083f00000|  0%| F|  |TAMS 0x0000000083e00000, 0x0000000083e00000| Untracked 
|  11|0x0000000083f00000, 0x0000000083f00000, 0x0000000084000000|  0%| F|  |TAMS 0x0000000083f00000, 0x0000000083f00000| Untracked 
|  12|0x0000000084000000, 0x0000000084000000, 0x0000000084100000|  0%| F|  |TAMS 0x0000000084000000, 0x0000000084000000| Untracked 
|  13|0x0000000084100000, 0x0000000084100000, 0x0000000084200000|  0%| F|  |TAMS 0x0000000084100000, 0x0000000084100000| Untracked 
|  14|0x0000000084200000, 0x0000000084200000, 0x0000000084300000|  0%| F|  |TAMS 0x0000000084200000, 0x0000000084200000| Untracked 
|  15|0x0000000084300000, 0x0000000084300000, 0x0000000084400000|  0%| F|  |TAMS 0x0000000084300000, 0x0000000084300000| Untracked 
|  16|0x0000000084400000, 0x0000000084400000, 0x0000000084500000|  0%| F|  |TAMS 0x0000000084400000, 0x0000000084400000| Untracked 
|  17|0x0000000084500000, 0x0000000084500000, 0x0000000084600000|  0%| F|  |TAMS 0x0000000084500000, 0x0000000084500000| Untracked 
|  18|0x0000000084600000, 0x0000000084600000, 0x0000000084700000|  0%| F|  |TAMS 0x0000000084600000, 0x0000000084600000| Untracked 
|  19|0x0000000084700000, 0x0000000084700000, 0x0000000084800000|  0%| F|  |TAMS 0x0000000084700000, 0x0000000084700000| Untracked 
|  20|0x0000000084800000, 0x0000000084800000, 0x0000000084900000|  0%| F|  |TAMS 0x0000000084800000, 0x0000000084800000| Untracked 
|  21|0x0000000084900000, 0x0000000084900000, 0x0000000084a00000|  0%| F|  |TAMS 0x0000000084900000, 0x0000000084900000| Untracked 
|  22|0x0000000084a00000, 0x0000000084a00000, 0x0000000084b00000|  0%| F|  |TAMS 0x0000000084a00000, 0x0000000084a00000| Untracked 
|  23|0x0000000084b00000, 0x0000000084b00000, 0x0000000084c00000|  0%| F|  |TAMS 0x0000000084b00000, 0x0000000084b00000| Untracked 
|  24|0x0000000084c00000, 0x0000000084c00000, 0x0000000084d00000|  0%| F|  |TAMS 0x0000000084c00000, 0x0000000084c00000| Untracked 
|  25|0x0000000084d00000, 0x0000000084d00000, 0x0000000084e00000|  0%| F|  |TAMS 0x0000000084d00000, 0x0000000084d00000| Untracked 
|  26|0x0000000084e00000, 0x0000000084e00000, 0x0000000084f00000|  0%| F|  |TAMS 0x0000000084e00000, 0x0000000084e00000| Untracked 
|  27|0x0000000084f00000, 0x0000000084f00000, 0x0000000085000000|  0%| F|  |TAMS 0x0000000084f00000, 0x0000000084f00000| Untracked 
|  28|0x0000000085000000, 0x0000000085000000, 0x0000000085100000|  0%| F|  |TAMS 0x0000000085000000, 0x0000000085000000| Untracked 
|  29|0x0000000085100000, 0x0000000085100000, 0x0000000085200000|  0%| F|  |TAMS 0x0000000085100000, 0x0000000085100000| Untracked 
|  30|0x0000000085200000, 0x0000000085200000, 0x0000000085300000|  0%| F|  |TAMS 0x0000000085200000, 0x0000000085200000| Untracked 
|  31|0x0000000085300000, 0x0000000085300000, 0x0000000085400000|  0%| F|  |TAMS 0x0000000085300000, 0x0000000085300000| Untracked 
|  32|0x0000000085400000, 0x0000000085400000, 0x0000000085500000|  0%| F|  |TAMS 0x0000000085400000, 0x0000000085400000| Untracked 
|  33|0x0000000085500000, 0x0000000085500000, 0x0000000085600000|  0%| F|  |TAMS 0x0000000085500000, 0x0000000085500000| Untracked 
|  34|0x0000000085600000, 0x0000000085600000, 0x0000000085700000|  0%| F|  |TAMS 0x0000000085600000, 0x0000000085600000| Untracked 
|  35|0x0000000085700000, 0x0000000085700000, 0x0000000085800000|  0%| F|  |TAMS 0x0000000085700000, 0x0000000085700000| Untracked 
|  36|0x0000000085800000, 0x0000000085800000, 0x0000000085900000|  0%| F|  |TAMS 0x0000000085800000, 0x0000000085800000| Untracked 
|  37|0x0000000085900000, 0x0000000085900000, 0x0000000085a00000|  0%| F|  |TAMS 0x0000000085900000, 0x0000000085900000| Untracked 
|  38|0x0000000085a00000, 0x0000000085a00000, 0x0000000085b00000|  0%| F|  |TAMS 0x0000000085a00000, 0x0000000085a00000| Untracked 
|  39|0x0000000085b00000, 0x0000000085b00000, 0x0000000085c00000|  0%| F|  |TAMS 0x0000000085b00000, 0x0000000085b00000| Untracked 
|  40|0x0000000085c00000, 0x0000000085c00000, 0x0000000085d00000|  0%| F|  |TAMS 0x0000000085c00000, 0x0000000085c00000| Untracked 
|  41|0x0000000085d00000, 0x0000000085d00000, 0x0000000085e00000|  0%| F|  |TAMS 0x0000000085d00000, 0x0000000085d00000| Untracked 
|  42|0x0000000085e00000, 0x0000000085e00000, 0x0000000085f00000|  0%| F|  |TAMS 0x0000000085e00000, 0x0000000085e00000| Untracked 
|  43|0x0000000085f00000, 0x0000000085f00000, 0x0000000086000000|  0%| F|  |TAMS 0x0000000085f00000, 0x0000000085f00000| Untracked 
|  44|0x0000000086000000, 0x0000000086000000, 0x0000000086100000|  0%| F|  |TAMS 0x0000000086000000, 0x0000000086000000| Untracked 
|  45|0x0000000086100000, 0x0000000086100000, 0x0000000086200000|  0%| F|  |TAMS 0x0000000086100000, 0x0000000086100000| Untracked 
|  46|0x0000000086200000, 0x0000000086200000, 0x0000000086300000|  0%| F|  |TAMS 0x0000000086200000, 0x0000000086200000| Untracked 
|  47|0x0000000086300000, 0x0000000086300000, 0x0000000086400000|  0%| F|  |TAMS 0x0000000086300000, 0x0000000086300000| Untracked 
|  48|0x0000000086400000, 0x0000000086400000, 0x0000000086500000|  0%| F|  |TAMS 0x0000000086400000, 0x0000000086400000| Untracked 
|  49|0x0000000086500000, 0x0000000086547780, 0x0000000086600000| 27%| S|CS|TAMS 0x0000000086500000, 0x0000000086500000| Complete 
|  50|0x0000000086600000, 0x0000000086700000, 0x0000000086700000|100%| S|CS|TAMS 0x0000000086600000, 0x0000000086600000| Complete 
|  51|0x0000000086700000, 0x0000000086700000, 0x0000000086800000|  0%| F|  |TAMS 0x0000000086700000, 0x0000000086700000| Untracked 
|  52|0x0000000086800000, 0x0000000086800000, 0x0000000086900000|  0%| F|  |TAMS 0x0000000086800000, 0x0000000086800000| Untracked 
|  53|0x0000000086900000, 0x0000000086900000, 0x0000000086a00000|  0%| F|  |TAMS 0x0000000086900000, 0x0000000086900000| Untracked 
|  54|0x0000000086a00000, 0x0000000086a00000, 0x0000000086b00000|  0%| F|  |TAMS 0x0000000086a00000, 0x0000000086a00000| Untracked 
|  55|0x0000000086b00000, 0x0000000086b00000, 0x0000000086c00000|  0%| F|  |TAMS 0x0000000086b00000, 0x0000000086b00000| Untracked 
|  56|0x0000000086c00000, 0x0000000086c00000, 0x0000000086d00000|  0%| F|  |TAMS 0x0000000086c00000, 0x0000000086c00000| Untracked 
|  57|0x0000000086d00000, 0x0000000086d00000, 0x0000000086e00000|  0%| F|  |TAMS 0x0000000086d00000, 0x0000000086d00000| Untracked 
|  58|0x0000000086e00000, 0x0000000086e00000, 0x0000000086f00000|  0%| F|  |TAMS 0x0000000086e00000, 0x0000000086e00000| Untracked 
|  59|0x0000000086f00000, 0x0000000086f00000, 0x0000000087000000|  0%| F|  |TAMS 0x0000000086f00000, 0x0000000086f00000| Untracked 
|  60|0x0000000087000000, 0x0000000087000000, 0x0000000087100000|  0%| F|  |TAMS 0x0000000087000000, 0x0000000087000000| Untracked 
|  61|0x0000000087100000, 0x0000000087100000, 0x0000000087200000|  0%| F|  |TAMS 0x0000000087100000, 0x0000000087100000| Untracked 
|  62|0x0000000087200000, 0x0000000087200000, 0x0000000087300000|  0%| F|  |TAMS 0x0000000087200000, 0x0000000087200000| Untracked 
|  63|0x0000000087300000, 0x0000000087300000, 0x0000000087400000|  0%| F|  |TAMS 0x0000000087300000, 0x0000000087300000| Untracked 
|  64|0x0000000087400000, 0x0000000087400000, 0x0000000087500000|  0%| F|  |TAMS 0x0000000087400000, 0x0000000087400000| Untracked 
|  65|0x0000000087500000, 0x0000000087500000, 0x0000000087600000|  0%| F|  |TAMS 0x0000000087500000, 0x0000000087500000| Untracked 
|  66|0x0000000087600000, 0x0000000087600000, 0x0000000087700000|  0%| F|  |TAMS 0x0000000087600000, 0x0000000087600000| Untracked 
|  67|0x0000000087700000, 0x0000000087700000, 0x0000000087800000|  0%| F|  |TAMS 0x0000000087700000, 0x0000000087700000| Untracked 
|  68|0x0000000087800000, 0x0000000087800000, 0x0000000087900000|  0%| F|  |TAMS 0x0000000087800000, 0x0000000087800000| Untracked 
|  69|0x0000000087900000, 0x0000000087900000, 0x0000000087a00000|  0%| F|  |TAMS 0x0000000087900000, 0x0000000087900000| Untracked 
|  70|0x0000000087a00000, 0x0000000087a00000, 0x0000000087b00000|  0%| F|  |TAMS 0x0000000087a00000, 0x0000000087a00000| Untracked 
|  71|0x0000000087b00000, 0x0000000087b00000, 0x0000000087c00000|  0%| F|  |TAMS 0x0000000087b00000, 0x0000000087b00000| Untracked 
|  72|0x0000000087c00000, 0x0000000087c00000, 0x0000000087d00000|  0%| F|  |TAMS 0x0000000087c00000, 0x0000000087c00000| Untracked 
|  73|0x0000000087d00000, 0x0000000087d00000, 0x0000000087e00000|  0%| F|  |TAMS 0x0000000087d00000, 0x0000000087d00000| Untracked 
|  74|0x0000000087e00000, 0x0000000087e00000, 0x0000000087f00000|  0%| F|  |TAMS 0x0000000087e00000, 0x0000000087e00000| Untracked 
|  75|0x0000000087f00000, 0x0000000087f00000, 0x0000000088000000|  0%| F|  |TAMS 0x0000000087f00000, 0x0000000087f00000| Untracked 
|  76|0x0000000088000000, 0x0000000088000000, 0x0000000088100000|  0%| F|  |TAMS 0x0000000088000000, 0x0000000088000000| Untracked 
|  77|0x0000000088100000, 0x0000000088100000, 0x0000000088200000|  0%| F|  |TAMS 0x0000000088100000, 0x0000000088100000| Untracked 
|  78|0x0000000088200000, 0x0000000088200000, 0x0000000088300000|  0%| F|  |TAMS 0x0000000088200000, 0x0000000088200000| Untracked 
|  79|0x0000000088300000, 0x0000000088300000, 0x0000000088400000|  0%| F|  |TAMS 0x0000000088300000, 0x0000000088300000| Untracked 
|  80|0x0000000088400000, 0x0000000088400000, 0x0000000088500000|  0%| F|  |TAMS 0x0000000088400000, 0x0000000088400000| Untracked 
|  81|0x0000000088500000, 0x0000000088500000, 0x0000000088600000|  0%| F|  |TAMS 0x0000000088500000, 0x0000000088500000| Untracked 
|  82|0x0000000088600000, 0x0000000088600000, 0x0000000088700000|  0%| F|  |TAMS 0x0000000088600000, 0x0000000088600000| Untracked 
|  83|0x0000000088700000, 0x0000000088700000, 0x0000000088800000|  0%| F|  |TAMS 0x0000000088700000, 0x0000000088700000| Untracked 
|  84|0x0000000088800000, 0x0000000088800000, 0x0000000088900000|  0%| F|  |TAMS 0x0000000088800000, 0x0000000088800000| Untracked 
|  85|0x0000000088900000, 0x0000000088900000, 0x0000000088a00000|  0%| F|  |TAMS 0x0000000088900000, 0x0000000088900000| Untracked 
|  86|0x0000000088a00000, 0x0000000088a00000, 0x0000000088b00000|  0%| F|  |TAMS 0x0000000088a00000, 0x0000000088a00000| Untracked 
|  87|0x0000000088b00000, 0x0000000088b00000, 0x0000000088c00000|  0%| F|  |TAMS 0x0000000088b00000, 0x0000000088b00000| Untracked 
|  88|0x0000000088c00000, 0x0000000088c00000, 0x0000000088d00000|  0%| F|  |TAMS 0x0000000088c00000, 0x0000000088c00000| Untracked 
|  89|0x0000000088d00000, 0x0000000088d00000, 0x0000000088e00000|  0%| F|  |TAMS 0x0000000088d00000, 0x0000000088d00000| Untracked 
|  90|0x0000000088e00000, 0x0000000088e00000, 0x0000000088f00000|  0%| F|  |TAMS 0x0000000088e00000, 0x0000000088e00000| Untracked 
|  91|0x0000000088f00000, 0x0000000088f00000, 0x0000000089000000|  0%| F|  |TAMS 0x0000000088f00000, 0x0000000088f00000| Untracked 
|  92|0x0000000089000000, 0x0000000089000000, 0x0000000089100000|  0%| F|  |TAMS 0x0000000089000000, 0x0000000089000000| Untracked 
|  93|0x0000000089100000, 0x0000000089100000, 0x0000000089200000|  0%| F|  |TAMS 0x0000000089100000, 0x0000000089100000| Untracked 
|  94|0x0000000089200000, 0x0000000089200000, 0x0000000089300000|  0%| F|  |TAMS 0x0000000089200000, 0x0000000089200000| Untracked 
|  95|0x0000000089300000, 0x0000000089300000, 0x0000000089400000|  0%| F|  |TAMS 0x0000000089300000, 0x0000000089300000| Untracked 
|  96|0x0000000089400000, 0x0000000089400000, 0x0000000089500000|  0%| F|  |TAMS 0x0000000089400000, 0x0000000089400000| Untracked 
|  97|0x0000000089500000, 0x0000000089500000, 0x0000000089600000|  0%| F|  |TAMS 0x0000000089500000, 0x0000000089500000| Untracked 
|  98|0x0000000089600000, 0x0000000089600000, 0x0000000089700000|  0%| F|  |TAMS 0x0000000089600000, 0x0000000089600000| Untracked 
|  99|0x0000000089700000, 0x0000000089700000, 0x0000000089800000|  0%| F|  |TAMS 0x0000000089700000, 0x0000000089700000| Untracked 
| 100|0x0000000089800000, 0x0000000089800000, 0x0000000089900000|  0%| F|  |TAMS 0x0000000089800000, 0x0000000089800000| Untracked 
| 101|0x0000000089900000, 0x0000000089900000, 0x0000000089a00000|  0%| F|  |TAMS 0x0000000089900000, 0x0000000089900000| Untracked 
| 102|0x0000000089a00000, 0x0000000089a00000, 0x0000000089b00000|  0%| F|  |TAMS 0x0000000089a00000, 0x0000000089a00000| Untracked 
| 103|0x0000000089b00000, 0x0000000089b00000, 0x0000000089c00000|  0%| F|  |TAMS 0x0000000089b00000, 0x0000000089b00000| Untracked 
| 104|0x0000000089c00000, 0x0000000089c00000, 0x0000000089d00000|  0%| F|  |TAMS 0x0000000089c00000, 0x0000000089c00000| Untracked 
| 105|0x0000000089d00000, 0x0000000089d00000, 0x0000000089e00000|  0%| F|  |TAMS 0x0000000089d00000, 0x0000000089d00000| Untracked 
| 106|0x0000000089e00000, 0x0000000089e00000, 0x0000000089f00000|  0%| F|  |TAMS 0x0000000089e00000, 0x0000000089e00000| Untracked 
| 107|0x0000000089f00000, 0x0000000089f00000, 0x000000008a000000|  0%| F|  |TAMS 0x0000000089f00000, 0x0000000089f00000| Untracked 
| 108|0x000000008a000000, 0x000000008a000000, 0x000000008a100000|  0%| F|  |TAMS 0x000000008a000000, 0x000000008a000000| Untracked 
| 109|0x000000008a100000, 0x000000008a100000, 0x000000008a200000|  0%| F|  |TAMS 0x000000008a100000, 0x000000008a100000| Untracked 
| 110|0x000000008a200000, 0x000000008a200000, 0x000000008a300000|  0%| F|  |TAMS 0x000000008a200000, 0x000000008a200000| Untracked 
| 111|0x000000008a300000, 0x000000008a300000, 0x000000008a400000|  0%| F|  |TAMS 0x000000008a300000, 0x000000008a300000| Untracked 
| 112|0x000000008a400000, 0x000000008a400000, 0x000000008a500000|  0%| F|  |TAMS 0x000000008a400000, 0x000000008a400000| Untracked 
| 113|0x000000008a500000, 0x000000008a500000, 0x000000008a600000|  0%| F|  |TAMS 0x000000008a500000, 0x000000008a500000| Untracked 
| 114|0x000000008a600000, 0x000000008a600000, 0x000000008a700000|  0%| F|  |TAMS 0x000000008a600000, 0x000000008a600000| Untracked 
| 115|0x000000008a700000, 0x000000008a700000, 0x000000008a800000|  0%| F|  |TAMS 0x000000008a700000, 0x000000008a700000| Untracked 
| 116|0x000000008a800000, 0x000000008a800000, 0x000000008a900000|  0%| F|  |TAMS 0x000000008a800000, 0x000000008a800000| Untracked 
| 117|0x000000008a900000, 0x000000008a900000, 0x000000008aa00000|  0%| F|  |TAMS 0x000000008a900000, 0x000000008a900000| Untracked 
| 118|0x000000008aa00000, 0x000000008aa00000, 0x000000008ab00000|  0%| F|  |TAMS 0x000000008aa00000, 0x000000008aa00000| Untracked 
| 119|0x000000008ab00000, 0x000000008ab00000, 0x000000008ac00000|  0%| F|  |TAMS 0x000000008ab00000, 0x000000008ab00000| Untracked 
| 120|0x000000008ac00000, 0x000000008ac00000, 0x000000008ad00000|  0%| F|  |TAMS 0x000000008ac00000, 0x000000008ac00000| Untracked 
| 121|0x000000008ad00000, 0x000000008ad00000, 0x000000008ae00000|  0%| F|  |TAMS 0x000000008ad00000, 0x000000008ad00000| Untracked 
| 122|0x000000008ae00000, 0x000000008ae00000, 0x000000008af00000|  0%| F|  |TAMS 0x000000008ae00000, 0x000000008ae00000| Untracked 
| 123|0x000000008af00000, 0x000000008afbecc8, 0x000000008b000000| 74%| E|  |TAMS 0x000000008af00000, 0x000000008af00000| Complete 
| 124|0x000000008b000000, 0x000000008b100000, 0x000000008b100000|100%| E|CS|TAMS 0x000000008b000000, 0x000000008b000000| Complete 
| 125|0x000000008b100000, 0x000000008b200000, 0x000000008b200000|100%| E|CS|TAMS 0x000000008b100000, 0x000000008b100000| Complete 

Card table byte_map: [0x0000019fbbf60000,0x0000019fbc350000] _byte_map_base: 0x0000019fbbb46000

Marking Bits (Prev, Next): (CMBitMap*) 0x0000019fa4feecd0, (CMBitMap*) 0x0000019fa4feed10
 Prev Bits: [0x0000019fbc740000, 0x0000019fbe670000)
 Next Bits: [0x0000019fbe670000, 0x0000019fc05a0000)

Polling page: 0x0000019fa4750000

Metaspace:

Usage:
  Non-class:      9.87 MB used.
      Class:    868.39 KB used.
       Both:     10.72 MB used.

Virtual space:
  Non-class space:       64.00 MB reserved,      10.00 MB ( 16%) committed,  1 nodes.
      Class space:        1.00 GB reserved,     960.00 KB ( <1%) committed,  1 nodes.
             Both:        1.06 GB reserved,      10.94 MB (  1%) committed. 

Chunk freelists:
   Non-Class:  5.92 MB
       Class:  15.04 MB
        Both:  20.96 MB

MaxMetaspaceSize: unlimited
CompressedClassSpaceSize: 1.00 GB
Initial GC threshold: 21.00 MB
Current GC threshold: 21.00 MB
CDS: on
MetaspaceReclaimPolicy: balanced
 - commit_granule_bytes: 65536.
 - commit_granule_words: 8192.
 - virtual_space_node_default_size: 8388608.
 - enlarge_chunks_in_place: 1.
 - new_chunks_are_fully_committed: 0.
 - uncommit_free_chunks: 1.
 - use_allocation_guard: 0.
 - handle_deallocations: 1.


Internal statistics:

num_allocs_failed_limit: 0.
num_arena_births: 100.
num_arena_deaths: 0.
num_vsnodes_births: 2.
num_vsnodes_deaths: 0.
num_space_committed: 171.
num_space_uncommitted: 0.
num_chunks_returned_to_freelist: 0.
num_chunks_taken_from_freelist: 273.
num_chunk_merges: 0.
num_chunk_splits: 190.
num_chunks_enlarged: 133.
num_purges: 0.
num_inconsistent_stats: 0.

CodeHeap 'non-profiled nmethods': size=120000Kb used=1113Kb max_used=1113Kb free=118886Kb
 bounds [0x0000019fb42f0000, 0x0000019fb4560000, 0x0000019fbb820000]
CodeHeap 'profiled nmethods': size=120000Kb used=3772Kb max_used=3772Kb free=116227Kb
 bounds [0x0000019fac820000, 0x0000019facbd0000, 0x0000019fb3d50000]
CodeHeap 'non-nmethods': size=5760Kb used=1455Kb max_used=1489Kb free=4304Kb
 bounds [0x0000019fb3d50000, 0x0000019fb3fc0000, 0x0000019fb42f0000]
 total_blobs=2972 nmethods=2131 adapters=754
 compilation: enabled
              stopped_count=0, restarted_count=0
 full_count=0

Compilation events (20 events):
Event: 35.422 Thread 0x0000019fc300f700 2120       3       java.awt.event.MouseEvent::getModifiersEx (29 bytes)
Event: 35.423 Thread 0x0000019fc300f700 nmethod 2120 0x0000019facbc6790 code [0x0000019facbc6960, 0x0000019facbc6d78]
Event: 35.485 Thread 0x0000019fc300f700 2121   !   3       java.awt.event.InvocationEvent::finishedDispatching (53 bytes)
Event: 35.486 Thread 0x0000019fc300f700 nmethod 2121 0x0000019facbc6f10 code [0x0000019facbc70e0, 0x0000019facbc7478]
Event: 35.582 Thread 0x0000019fc300f700 2122       3       java.awt.Component::processMouseMotionEvent (58 bytes)
Event: 35.582 Thread 0x0000019fc300f700 nmethod 2122 0x0000019facbc7610 code [0x0000019facbc77e0, 0x0000019facbc7c18]
Event: 35.590 Thread 0x0000019fc300f700 2123       3       sun.awt.im.InputContext::dispatchEvent (173 bytes)
Event: 35.592 Thread 0x0000019fc300f700 nmethod 2123 0x0000019facbc7d90 code [0x0000019facbc8160, 0x0000019facbca898]
Event: 35.633 Thread 0x0000019fc300f700 2124       3       processing.core.PApplet::handleMouseEvent (301 bytes)
Event: 35.634 Thread 0x0000019fc300f700 nmethod 2124 0x0000019facbcb010 code [0x0000019facbcb220, 0x0000019facbcc288]
Event: 35.797 Thread 0x0000019fc300f700 2125       3       sun.awt.windows.WComponentPeer::handleJavaMouseEvent (75 bytes)
Event: 35.798 Thread 0x0000019fc300f700 nmethod 2125 0x0000019facbcc590 code [0x0000019facbcc840, 0x0000019facbcd7f8]
Event: 35.964 Thread 0x0000019fc3007d20 2126       4       java.util.ArrayList::iterator (9 bytes)
Event: 35.965 Thread 0x0000019fc3007d20 nmethod 2126 0x0000019fb4403910 code [0x0000019fb4403aa0, 0x0000019fb4403b98]
Event: 36.308 Thread 0x0000019fc3007d20 2127       4       java.util.HashMap::afterNodeRemoval (1 bytes)
Event: 36.308 Thread 0x0000019fc3007d20 nmethod 2127 0x0000019fb4403c90 code [0x0000019fb4403e00, 0x0000019fb4403e78]
Event: 36.322 Thread 0x0000019fc300f700 2128       3       jdk.internal.loader.ClassLoaders$AppClassLoader::loadClass (40 bytes)
Event: 36.323 Thread 0x0000019fc300f700 nmethod 2128 0x0000019facbcdd10 code [0x0000019facbcdf60, 0x0000019facbce8b8]
Event: 36.323 Thread 0x0000019fc300f700 2129       3       java.lang.Byte::<init> (10 bytes)
Event: 36.323 Thread 0x0000019fc300f700 nmethod 2129 0x0000019facbcec10 code [0x0000019facbcedc0, 0x0000019facbcef98]

GC Heap History (6 events):
Event: 5.903 GC heap before
{Heap before GC invocations=0 (full 0):
 garbage-first heap   total 129024K, used 22528K [0x0000000083400000, 0x0000000100000000)
  region size 1024K, 23 young (23552K), 0 survivors (0K)
 Metaspace       used 9573K, committed 9728K, reserved 1114112K
  class space    used 830K, committed 896K, reserved 1048576K
}
Event: 5.917 GC heap after
{Heap after GC invocations=1 (full 0):
 garbage-first heap   total 129024K, used 3568K [0x0000000083400000, 0x0000000100000000)
  region size 1024K, 3 young (3072K), 3 survivors (3072K)
 Metaspace       used 9573K, committed 9728K, reserved 1114112K
  class space    used 830K, committed 896K, reserved 1048576K
}
Event: 5.951 GC heap before
{Heap before GC invocations=1 (full 0):
 garbage-first heap   total 129024K, used 35312K [0x0000000083400000, 0x0000000100000000)
  region size 1024K, 34 young (34816K), 3 survivors (3072K)
 Metaspace       used 9583K, committed 9728K, reserved 1114112K
  class space    used 831K, committed 896K, reserved 1048576K
}
Event: 5.958 GC heap after
{Heap after GC invocations=2 (full 0):
 garbage-first heap   total 129024K, used 3944K [0x0000000083400000, 0x0000000100000000)
  region size 1024K, 1 young (1024K), 1 survivors (1024K)
 Metaspace       used 9583K, committed 9728K, reserved 1114112K
  class space    used 831K, committed 896K, reserved 1048576K
}
Event: 32.822 GC heap before
{Heap before GC invocations=2 (full 0):
 garbage-first heap   total 129024K, used 79720K [0x0000000083400000, 0x0000000100000000)
  region size 1024K, 75 young (76800K), 1 survivors (1024K)
 Metaspace       used 10951K, committed 11200K, reserved 1114112K
  class space    used 867K, committed 960K, reserved 1048576K
}
Event: 32.825 GC heap after
{Heap after GC invocations=3 (full 0):
 garbage-first heap   total 129024K, used 4849K [0x0000000083400000, 0x0000000100000000)
  region size 1024K, 2 young (2048K), 2 survivors (2048K)
 Metaspace       used 10951K, committed 11200K, reserved 1114112K
  class space    used 867K, committed 960K, reserved 1048576K
}

Deoptimization events (20 events):
Event: 14.292 Thread 0x0000019fc353de70 DEOPT PACKING pc=0x0000019fb43d0f8c sp=0x00000006043ff2a0
Event: 14.292 Thread 0x0000019fc353de70 DEOPT UNPACKING pc=0x0000019fb3da23a3 sp=0x00000006043ff278 mode 2
Event: 14.345 Thread 0x0000019fc353de70 Uncommon trap: trap_request=0xffffffd6 fr.pc=0x0000019fb43d4d14 relative=0x0000000000000374
Event: 14.345 Thread 0x0000019fc353de70 Uncommon trap: reason=array_check action=maybe_recompile pc=0x0000019fb43d4d14 method=java.util.Arrays.fill([Ljava/lang/Object;Ljava/lang/Object;)V @ 13 c2
Event: 14.345 Thread 0x0000019fc353de70 DEOPT PACKING pc=0x0000019fb43d4d14 sp=0x00000006043ff2a0
Event: 14.345 Thread 0x0000019fc353de70 DEOPT UNPACKING pc=0x0000019fb3da23a3 sp=0x00000006043ff260 mode 2
Event: 14.390 Thread 0x0000019fc353de70 Uncommon trap: trap_request=0xffffffd6 fr.pc=0x0000019fb43d4d14 relative=0x0000000000000374
Event: 14.390 Thread 0x0000019fc353de70 Uncommon trap: reason=array_check action=maybe_recompile pc=0x0000019fb43d4d14 method=java.util.Arrays.fill([Ljava/lang/Object;Ljava/lang/Object;)V @ 13 c2
Event: 14.390 Thread 0x0000019fc353de70 DEOPT PACKING pc=0x0000019fb43d4d14 sp=0x00000006043ff2a0
Event: 14.390 Thread 0x0000019fc353de70 DEOPT UNPACKING pc=0x0000019fb3da23a3 sp=0x00000006043ff260 mode 2
Event: 14.391 Thread 0x0000019fc353de70 Uncommon trap: trap_request=0xffffffbe fr.pc=0x0000019fb43d0f8c relative=0x00000000000001ec
Event: 14.391 Thread 0x0000019fc353de70 Uncommon trap: reason=profile_predicate action=maybe_recompile pc=0x0000019fb43d0f8c method=java.util.Arrays.fill([Ljava/lang/Object;Ljava/lang/Object;)V @ 5 c2
Event: 14.391 Thread 0x0000019fc353de70 DEOPT PACKING pc=0x0000019fb43d0f8c sp=0x00000006043ff2a0
Event: 14.391 Thread 0x0000019fc353de70 DEOPT UNPACKING pc=0x0000019fb3da23a3 sp=0x00000006043ff278 mode 2
Event: 17.113 Thread 0x0000019fc353de70 DEOPT PACKING pc=0x0000019faca6dbcd sp=0x00000006043ff130
Event: 17.113 Thread 0x0000019fc353de70 DEOPT UNPACKING pc=0x0000019fb3da2b43 sp=0x00000006043fe5d8 mode 0
Event: 36.281 Thread 0x0000019fc353de70 Uncommon trap: trap_request=0xffffff45 fr.pc=0x0000019fb43cf410 relative=0x0000000000000cd0
Event: 36.281 Thread 0x0000019fc353de70 Uncommon trap: reason=unstable_if action=reinterpret pc=0x0000019fb43cf410 method=controlP5.ControlBroadcaster.broadcast(LcontrolP5/ControlEvent;I)LcontrolP5/ControlBroadcaster; @ 65 c2
Event: 36.281 Thread 0x0000019fc353de70 DEOPT PACKING pc=0x0000019fb43cf410 sp=0x00000006043fee00
Event: 36.281 Thread 0x0000019fc353de70 DEOPT UNPACKING pc=0x0000019fb3da23a3 sp=0x00000006043fed98 mode 2

Classes unloaded (0 events):
No events

Classes redefined (0 events):
No events

Internal exceptions (20 events):
Event: 2.258 Thread 0x0000019fa4f93510 Exception <a 'java/lang/NullPointerException'{0x000000008ac188d8}> (0x000000008ac188d8) 
thrown [s\open\src\hotspot\share\interpreter\linkResolver.cpp, line 1433]
Event: 4.267 Thread 0x0000019fc353de70 Exception <a 'java/io/FileNotFoundException'{0x000000008a77a7c8}> (0x000000008a77a7c8) 
thrown [s\open\src\hotspot\share\prims\jni.cpp, line 516]
Event: 4.312 Thread 0x0000019fc353de70 Exception <a 'java/io/FileNotFoundException'{0x000000008a7a04f0}> (0x000000008a7a04f0) 
thrown [s\open\src\hotspot\share\prims\jni.cpp, line 516]
Event: 4.614 Thread 0x0000019fc351ef80 Exception <a 'java/lang/NoSuchMethodError'{0x000000008ac89b70}: 'java.lang.Object java.lang.invoke.DirectMethodHandle$Holder.newInvokeSpecial(java.lang.Object, java.lang.Object, java.lang.Object, int, int, int, int, int)'> (0x000000008ac89b70) 
thrown [s\open\src\hotspot\share\interpreter\linkResolver.cpp, line 759]
Event: 4.875 Thread 0x0000019fc353de70 Exception <a 'java/io/IOException'{0x000000008a46caf8}> (0x000000008a46caf8) 
thrown [s\open\src\hotspot\share\prims\jni.cpp, line 516]
Event: 4.876 Thread 0x0000019fc353de70 Exception <a 'java/io/IOException'{0x000000008a46ce90}> (0x000000008a46ce90) 
thrown [s\open\src\hotspot\share\prims\jni.cpp, line 516]
Event: 5.260 Thread 0x0000019fc353de70 Exception <a 'java/io/IOException'{0x000000008a324f68}> (0x000000008a324f68) 
thrown [s\open\src\hotspot\share\prims\jni.cpp, line 516]
Event: 5.260 Thread 0x0000019fc353de70 Exception <a 'java/io/IOException'{0x000000008a325278}> (0x000000008a325278) 
thrown [s\open\src\hotspot\share\prims\jni.cpp, line 516]
Event: 5.262 Thread 0x0000019fc353de70 Exception <a 'java/io/FileNotFoundException'{0x000000008a325a30}> (0x000000008a325a30) 
thrown [s\open\src\hotspot\share\prims\jni.cpp, line 516]
Event: 5.390 Thread 0x0000019fc353de70 Exception <a 'java/io/FileNotFoundException'{0x000000008a337670}> (0x000000008a337670) 
thrown [s\open\src\hotspot\share\prims\jni.cpp, line 516]
Event: 5.478 Thread 0x0000019fc353de70 Exception <a 'java/io/FileNotFoundException'{0x000000008a3486d0}> (0x000000008a3486d0) 
thrown [s\open\src\hotspot\share\prims\jni.cpp, line 516]
Event: 5.598 Thread 0x0000019fc353de70 Exception <a 'java/io/FileNotFoundException'{0x000000008a359da0}> (0x000000008a359da0) 
thrown [s\open\src\hotspot\share\prims\jni.cpp, line 516]
Event: 5.607 Thread 0x0000019fc353de70 Exception <a 'java/io/FileNotFoundException'{0x000000008a369308}> (0x000000008a369308) 
thrown [s\open\src\hotspot\share\prims\jni.cpp, line 516]
Event: 5.733 Thread 0x0000019fc353de70 Exception <a 'java/io/FileNotFoundException'{0x000000008a37ac18}> (0x000000008a37ac18) 
thrown [s\open\src\hotspot\share\prims\jni.cpp, line 516]
Event: 5.737 Thread 0x0000019fc353de70 Exception <a 'java/io/FileNotFoundException'{0x000000008a392838}> (0x000000008a392838) 
thrown [s\open\src\hotspot\share\prims\jni.cpp, line 516]
Event: 5.858 Thread 0x0000019fc353de70 Exception <a 'java/io/FileNotFoundException'{0x000000008a3a3f08}> (0x000000008a3a3f08) 
thrown [s\open\src\hotspot\share\prims\jni.cpp, line 516]
Event: 9.539 Thread 0x0000019fc353de70 Exception <a 'java/io/FileNotFoundException'{0x000000008702ce50}> (0x000000008702ce50) 
thrown [s\open\src\hotspot\share\prims\jni.cpp, line 516]
Event: 9.649 Thread 0x0000019fc353de70 Exception <a 'java/io/FileNotFoundException'{0x000000008703e7c8}> (0x000000008703e7c8) 
thrown [s\open\src\hotspot\share\prims\jni.cpp, line 516]
Event: 9.653 Thread 0x0000019fc353de70 Exception <a 'java/io/FileNotFoundException'{0x0000000087054b90}> (0x0000000087054b90) 
thrown [s\open\src\hotspot\share\prims\jni.cpp, line 516]
Event: 9.775 Thread 0x0000019fc353de70 Exception <a 'java/io/FileNotFoundException'{0x0000000087066508}> (0x0000000087066508) 
thrown [s\open\src\hotspot\share\prims\jni.cpp, line 516]

VM Operations (20 events):
Event: 15.922 Executing VM operation: Cleanup
Event: 15.922 Executing VM operation: Cleanup done
Event: 17.924 Executing VM operation: Cleanup
Event: 17.924 Executing VM operation: Cleanup done
Event: 19.926 Executing VM operation: Cleanup
Event: 19.926 Executing VM operation: Cleanup done
Event: 20.926 Executing VM operation: Cleanup
Event: 20.927 Executing VM operation: Cleanup done
Event: 24.968 Executing VM operation: Cleanup
Event: 24.968 Executing VM operation: Cleanup done
Event: 25.980 Executing VM operation: Cleanup
Event: 25.980 Executing VM operation: Cleanup done
Event: 26.980 Executing VM operation: Cleanup
Event: 26.980 Executing VM operation: Cleanup done
Event: 29.002 Executing VM operation: Cleanup
Event: 29.002 Executing VM operation: Cleanup done
Event: 32.822 Executing VM operation: G1CollectForAllocation
Event: 32.825 Executing VM operation: G1CollectForAllocation done
Event: 35.840 Executing VM operation: Cleanup
Event: 35.840 Executing VM operation: Cleanup done

Events (20 events):
Event: 6.280 loading class jdk/internal/reflect/ClassDefiner
Event: 6.280 loading class jdk/internal/reflect/ClassDefiner done
Event: 6.281 loading class jdk/internal/reflect/ClassDefiner$1
Event: 6.281 loading class jdk/internal/reflect/ClassDefiner$1 done
Event: 6.282 loading class java/nio/DirectFloatBufferU
Event: 6.282 loading class java/nio/DirectFloatBufferU done
Event: 6.457 Thread 0x000001a009c41cd0 Thread added: 0x000001a009c41cd0
Event: 6.613 Thread 0x000001a00a183e90 Thread added: 0x000001a00a183e90
Event: 7.210 Thread 0x000001a00a183e90 Thread exited: 0x000001a00a183e90
Event: 7.345 Thread 0x000001a009c41cd0 Thread exited: 0x000001a009c41cd0
Event: 9.691 Thread 0x0000019fc351ef80 Thread exited: 0x0000019fc351ef80
Event: 9.783 loading class java/util/TooManyListenersException
Event: 9.786 loading class java/util/TooManyListenersException done
Event: 9.913 Thread 0x000001a0098bb150 Thread added: 0x000001a0098bb150
Event: 9.982 loading class sun/nio/cs/UTF_8$Encoder
Event: 9.985 loading class sun/nio/cs/UTF_8$Encoder done
Event: 9.989 loading class java/io/FileOutputStream$1
Event: 9.990 loading class java/io/FileOutputStream$1 done
Event: 36.322 loading class java/lang/Byte$ByteCache
Event: 36.322 loading class java/lang/Byte$ByteCache done


Dynamic libraries:
0x00007ff7d2df0000 - 0x00007ff7d2e00000 	C:\Program Files\Java\jdk-17\bin\javaw.exe
0x00007ffb4ce40000 - 0x00007ffb4d0a5000 	C:\WINDOWS\SYSTEM32\ntdll.dll
0x00007ffb4b5e0000 - 0x00007ffb4b6a9000 	C:\WINDOWS\System32\KERNEL32.DLL
0x00007ffb4a6b0000 - 0x00007ffb4aa98000 	C:\WINDOWS\System32\KERNELBASE.dll
0x00007ffb46e80000 - 0x00007ffb46f1e000 	C:\WINDOWS\SYSTEM32\apphelp.dll
0x00007ffb4a260000 - 0x00007ffb4a3ab000 	C:\WINDOWS\System32\ucrtbase.dll
0x00007ffb26b80000 - 0x00007ffb26b99000 	C:\Program Files\Java\jdk-17\bin\jli.dll
0x00007ffb26b60000 - 0x00007ffb26b7b000 	C:\Program Files\Java\jdk-17\bin\VCRUNTIME140.dll
0x00007ffb4b060000 - 0x00007ffb4b113000 	C:\WINDOWS\System32\ADVAPI32.dll
0x00007ffb4b7c0000 - 0x00007ffb4b869000 	C:\WINDOWS\System32\msvcrt.dll
0x00007ffb4c0b0000 - 0x00007ffb4c156000 	C:\WINDOWS\System32\sechost.dll
0x00007ffb4af30000 - 0x00007ffb4b045000 	C:\WINDOWS\System32\RPCRT4.dll
0x00007ffb4bee0000 - 0x00007ffb4c0aa000 	C:\WINDOWS\System32\USER32.dll
0x00007ffb4a040000 - 0x00007ffb4a067000 	C:\WINDOWS\System32\win32u.dll
0x00007ffb24300000 - 0x00007ffb2459a000 	C:\WINDOWS\WinSxS\amd64_microsoft.windows.common-controls_6595b64144ccf1df_6.0.26100.4202_none_3e0698d4e335f517\COMCTL32.dll
0x00007ffb4cdd0000 - 0x00007ffb4cdfb000 	C:\WINDOWS\System32\GDI32.dll
0x00007ffb4aaa0000 - 0x00007ffb4abd7000 	C:\WINDOWS\System32\gdi32full.dll
0x00007ffb49f90000 - 0x00007ffb4a033000 	C:\WINDOWS\System32\msvcp_win.dll
0x00007ffb48980000 - 0x00007ffb4898b000 	C:\WINDOWS\SYSTEM32\VERSION.dll
0x00007ffb4b2e0000 - 0x00007ffb4b310000 	C:\WINDOWS\System32\IMM32.DLL
0x00007ffb44f70000 - 0x00007ffb44f7c000 	C:\Program Files\Java\jdk-17\bin\vcruntime140_1.dll
0x00007ffadf460000 - 0x00007ffadf4ee000 	C:\Program Files\Java\jdk-17\bin\msvcp140.dll
0x00007ffaa1b70000 - 0x00007ffaa274e000 	C:\Program Files\Java\jdk-17\bin\server\jvm.dll
0x00007ffb434d0000 - 0x00007ffb43505000 	C:\WINDOWS\SYSTEM32\WINMM.dll
0x00007ffb290b0000 - 0x00007ffb290ba000 	C:\WINDOWS\SYSTEM32\WSOCK32.dll
0x00007ffb4b120000 - 0x00007ffb4b128000 	C:\WINDOWS\System32\PSAPI.DLL
0x00007ffb4cd50000 - 0x00007ffb4cdc4000 	C:\WINDOWS\System32\ws2_32.DLL
0x00007ffb48d20000 - 0x00007ffb48d3b000 	C:\WINDOWS\SYSTEM32\kernel.appcore.dll
0x00007ffb211c0000 - 0x00007ffb211ca000 	C:\Program Files\Java\jdk-17\bin\jimage.dll
0x00007ffb38ad0000 - 0x00007ffb38d11000 	C:\WINDOWS\SYSTEM32\DBGHELP.DLL
0x00007ffb4b870000 - 0x00007ffb4bbf5000 	C:\WINDOWS\System32\combase.dll
0x00007ffb4abe0000 - 0x00007ffb4acc1000 	C:\WINDOWS\System32\OLEAUT32.dll
0x00007ffb21710000 - 0x00007ffb21749000 	C:\WINDOWS\SYSTEM32\dbgcore.DLL
0x00007ffb4a1c0000 - 0x00007ffb4a259000 	C:\WINDOWS\System32\bcryptPrimitives.dll
0x00007ffb06bc0000 - 0x00007ffb06be5000 	C:\Program Files\Java\jdk-17\bin\java.dll
0x00007ffad63e0000 - 0x00007ffad64b7000 	C:\Program Files\Java\jdk-17\bin\jsvml.dll
0x00007ffb4c160000 - 0x00007ffb4c8a2000 	C:\WINDOWS\System32\SHELL32.dll
0x00007ffb4a530000 - 0x00007ffb4a6a4000 	C:\WINDOWS\System32\wintypes.dll
0x00007ffb480e0000 - 0x00007ffb48937000 	C:\WINDOWS\SYSTEM32\windows.storage.dll
0x00007ffb4b330000 - 0x00007ffb4b421000 	C:\WINDOWS\System32\SHCORE.dll
0x00007ffb4aec0000 - 0x00007ffb4af2a000 	C:\WINDOWS\System32\shlwapi.dll
0x00007ffb49ea0000 - 0x00007ffb49ecf000 	C:\WINDOWS\SYSTEM32\profapi.dll
0x00007ffb13de0000 - 0x00007ffb13df9000 	C:\Program Files\Java\jdk-17\bin\net.dll
0x00007ffb430b0000 - 0x00007ffb431ce000 	C:\WINDOWS\SYSTEM32\WINHTTP.dll
0x00007ffb492c0000 - 0x00007ffb4932a000 	C:\WINDOWS\system32\mswsock.dll
0x00007ffb139d0000 - 0x00007ffb139e6000 	C:\Program Files\Java\jdk-17\bin\nio.dll
0x00007ffafe110000 - 0x00007ffafe128000 	C:\Program Files\Java\jdk-17\bin\zip.dll
0x00007ffb1fdd0000 - 0x00007ffb1fde0000 	C:\Program Files\Java\jdk-17\bin\verify.dll
0x00007fface5a0000 - 0x00007fface731000 	C:\Program Files\Java\jdk-17\bin\awt.dll
0x00007ffb47080000 - 0x00007ffb4712f000 	C:\WINDOWS\system32\uxtheme.dll
0x00007ffb4acd0000 - 0x00007ffb4ae30000 	C:\WINDOWS\System32\MSCTF.dll
0x00007ffb4b130000 - 0x00007ffb4b2ce000 	C:\WINDOWS\System32\ole32.dll
0x00007ffb475f0000 - 0x00007ffb47626000 	C:\WINDOWS\system32\DWMAPI.DLL
0x00007ffb05070000 - 0x00007ffb05184000 	C:\WINDOWS\system32\opengl32.dll
0x00007ffb05920000 - 0x00007ffb0594d000 	C:\WINDOWS\SYSTEM32\GLU32.dll
0x00007ffb471c0000 - 0x00007ffb4720d000 	C:\WINDOWS\SYSTEM32\dxcore.dll
0x00007ffad6350000 - 0x00007ffad63d6000 	C:\Program Files\Java\jdk-17\bin\freetype.dll
0x00007fface4c0000 - 0x00007fface593000 	C:\Program Files\Java\jdk-17\bin\fontmanager.dll
0x0000000010000000 - 0x000000001005a000 	\\wsl.localhost\Ubuntu\home\johnsantos\Electrical\NRF24-MultiWii-Drone\MultiWiiConf\MultiWiiConf\application.windows64\jogl.dll
0x0000000050cf0000 - 0x0000000050db9000 	C:\WINDOWS\WinSxS\amd64_microsoft.vc80.crt_1fc8b3b9a1e18e3b_8.0.50727.9680_none_88e394a52fab6222\MSVCR80.dll
0x00007ffb1aea0000 - 0x00007ffb1aea7000 	C:\Program Files\Java\jdk-17\bin\jawt.dll
0x0000000000bb0000 - 0x0000000000bb7000 	\\wsl.localhost\Ubuntu\home\johnsantos\Electrical\NRF24-MultiWii-Drone\MultiWiiConf\MultiWiiConf\application.windows64\jogl_awt.dll
0x00007ffb3ff50000 - 0x00007ffb400a0000 	C:\WINDOWS\SYSTEM32\textinputframework.dll
0x00007ffb21880000 - 0x00007ffb218fd000 	C:\WINDOWS\system32\Oleacc.dll
0x00007ffb4b480000 - 0x00007ffb4b528000 	C:\WINDOWS\System32\clbcatq.dll
0x00007ffb188b0000 - 0x00007ffb1890e000 	C:\WINDOWS\system32\ApplicationTargetedFeatureDatabase.dll
0x00007ffb441f0000 - 0x00007ffb4442a000 	C:\Windows\System32\twinapi.appcore.dll
0x00007ffb47210000 - 0x00007ffb47271000 	C:\WINDOWS\SYSTEM32\directxdatabasehelper.dll
0x00007ffb2b4c0000 - 0x00007ffb2b4da000 	C:\WINDOWS\SYSTEM32\windows.staterepositorycore.dll
0x00007ffa9e530000 - 0x00007ffa9f535000 	C:\WINDOWS\System32\DriverStore\FileRepository\iigd_dch.inf_amd64_14a5bb6045f923bf\ig9icd64.dll
0x00007ffb47280000 - 0x00007ffb473b5000 	C:\WINDOWS\system32\dxgi.dll
0x00007ffb49b00000 - 0x00007ffb49b57000 	C:\WINDOWS\SYSTEM32\cfgmgr32.dll
0x00007ffaa1330000 - 0x00007ffaa174a000 	C:\WINDOWS\System32\DriverStore\FileRepository\iigd_dch.inf_amd64_14a5bb6045f923bf\igdml64.dll
0x00007ffb3fb30000 - 0x00007ffb3fdb1000 	C:\WINDOWS\System32\DriverStore\FileRepository\iigd_dch.inf_amd64_14a5bb6045f923bf\igdgmm64.dll
0x00007ffb3cb90000 - 0x00007ffb3f9d4000 	C:\WINDOWS\System32\DriverStore\FileRepository\iigd_dch.inf_amd64_14a5bb6045f923bf\igc64.dll
0x00007ffb49e00000 - 0x00007ffb49e5e000 	C:\WINDOWS\SYSTEM32\powrprof.dll
0x00007ffb49de0000 - 0x00007ffb49df4000 	C:\WINDOWS\SYSTEM32\UMPDC.dll
0x0000000180000000 - 0x0000000180025000 	\\wsl.localhost\Ubuntu\home\johnsantos\Electrical\NRF24-MultiWii-Drone\MultiWiiConf\MultiWiiConf\application.windows64\rxtxSerial.dll
0x00007ffb46aa0000 - 0x00007ffb46bc5000 	C:\WINDOWS\SYSTEM32\CoreMessaging.dll
0x00007ffb42890000 - 0x00007ffb42b73000 	C:\WINDOWS\SYSTEM32\CoreUIComponents.dll
0x00007ffb49590000 - 0x00007ffb4959c000 	C:\WINDOWS\SYSTEM32\CRYPTBASE.DLL

dbghelp: loaded successfully - version: 4.0.5 - missing functions: none
symbol engine: initialized successfully - sym options: 0x614 - pdb path: .;C:\Program Files\Java\jdk-17\bin;C:\WINDOWS\SYSTEM32;C:\WINDOWS\WinSxS\amd64_microsoft.windows.common-controls_6595b64144ccf1df_6.0.26100.4202_none_3e0698d4e335f517;C:\Program Files\Java\jdk-17\bin\server;\\wsl.localhost\Ubuntu\home\johnsantos\Electrical\NRF24-MultiWii-Drone\MultiWiiConf\MultiWiiConf\application.windows64;C:\WINDOWS\WinSxS\amd64_microsoft.vc80.crt_1fc8b3b9a1e18e3b_8.0.50727.9680_none_88e394a52fab6222;C:\WINDOWS\System32\DriverStore\FileRepository\iigd_dch.inf_amd64_14a5bb6045f923bf

VM Arguments:
java_command: MultiWiiConf
java_class_path (initial): \\wsl.localhost\Ubuntu\home\johnsantos\Electrical\NRF24-MultiWii-Drone\MultiWiiConf\MultiWiiConf\application.windows64\lib\MultiWiiConf.jar;\\wsl.localhost\Ubuntu\home\johnsantos\Electrical\NRF24-MultiWii-Drone\MultiWiiConf\MultiWiiConf\application.windows64\lib\core.jar;\\wsl.localhost\Ubuntu\home\johnsantos\Electrical\NRF24-MultiWii-Drone\MultiWiiConf\MultiWiiConf\application.windows64\lib\RXTXcomm.jar;\\wsl.localhost\Ubuntu\home\johnsantos\Electrical\NRF24-MultiWii-Drone\MultiWiiConf\MultiWiiConf\application.windows64\lib\serial.jar;\\wsl.localhost\Ubuntu\home\johnsantos\Electrical\NRF24-MultiWii-Drone\MultiWiiConf\MultiWiiConf\application.windows64\lib\controlP5.jar;\\wsl.localhost\Ubuntu\home\johnsantos\Electrical\NRF24-MultiWii-Drone\MultiWiiConf\MultiWiiConf\application.windows64\lib\gluegen-rt.jar;\\wsl.localhost\Ubuntu\home\johnsantos\Electrical\NRF24-MultiWii-Drone\MultiWiiConf\MultiWiiConf\application.windows64\lib\jogl.jar;\\wsl.localhost\Ubuntu\home\johnsantos\Electrical\NRF24-MultiWii-Drone\MultiWiiConf\MultiWiiConf\application.windows64\lib\opengl.jar
Launcher Type: SUN_STANDARD

[Global flags]
     intx CICompilerCount                          = 4                                         {product} {ergonomic}
     uint ConcGCThreads                            = 2                                         {product} {ergonomic}
     uint G1ConcRefinementThreads                  = 8                                         {product} {ergonomic}
   size_t G1HeapRegionSize                         = 1048576                                   {product} {ergonomic}
    uintx GCDrainStackTargetSize                   = 64                                        {product} {ergonomic}
   size_t InitialHeapSize                          = 132120576                                 {product} {ergonomic}
   size_t MarkStackSize                            = 4194304                                   {product} {ergonomic}
   size_t MaxHeapSize                              = 2092957696                                {product} {ergonomic}
   size_t MaxNewSize                               = 1255145472                                {product} {ergonomic}
   size_t MinHeapDeltaBytes                        = 1048576                                   {product} {ergonomic}
   size_t MinHeapSize                              = 8388608                                   {product} {ergonomic}
    uintx NonNMethodCodeHeapSize                   = 5839372                                {pd product} {ergonomic}
    uintx NonProfiledCodeHeapSize                  = 122909434                              {pd product} {ergonomic}
    uintx ProfiledCodeHeapSize                     = 122909434                              {pd product} {ergonomic}
    uintx ReservedCodeCacheSize                    = 251658240                              {pd product} {ergonomic}
     bool SegmentedCodeCache                       = true                                      {product} {ergonomic}
   size_t SoftMaxHeapSize                          = 2092957696                             {manageable} {ergonomic}
     bool UseCompressedClassPointers               = true                           {product lp64_product} {ergonomic}
     bool UseCompressedOops                        = true                           {product lp64_product} {ergonomic}
     bool UseG1GC                                  = true                                      {product} {ergonomic}
     bool UseLargePagesIndividualAllocation        = false                                  {pd product} {ergonomic}

Logging:
Log output configuration:
 #0: stdout all=warning uptime,level,tags
 #1: stderr all=off uptime,level,tags

Environment Variables:
JAVA_HOME=C:\Program Files\Java\jdk-17
CLASSPATH=\\wsl.localhost\Ubuntu\home\johnsantos\Electrical\NRF24-MultiWii-Drone\MultiWiiConf\MultiWiiConf\application.windows64\lib\MultiWiiConf.jar;\\wsl.localhost\Ubuntu\home\johnsantos\Electrical\NRF24-MultiWii-Drone\MultiWiiConf\MultiWiiConf\application.windows64\lib\core.jar;\\wsl.localhost\Ubuntu\home\johnsantos\Electrical\NRF24-MultiWii-Drone\MultiWiiConf\MultiWiiConf\application.windows64\lib\RXTXcomm.jar;\\wsl.localhost\Ubuntu\home\johnsantos\Electrical\NRF24-MultiWii-Drone\MultiWiiConf\MultiWiiConf\application.windows64\lib\serial.jar;\\wsl.localhost\Ubuntu\home\johnsantos\Electrical\NRF24-MultiWii-Drone\MultiWiiConf\MultiWiiConf\application.windows64\lib\controlP5.jar;\\wsl.localhost\Ubuntu\home\johnsantos\Electrical\NRF24-MultiWii-Drone\MultiWiiConf\MultiWiiConf\application.windows64\lib\gluegen-rt.jar;\\wsl.localhost\Ubuntu\home\johnsantos\Electrical\NRF24-MultiWii-Drone\MultiWiiConf\MultiWiiConf\application.windows64\lib\jogl.jar;\\wsl.localhost\Ubuntu\home\johnsantos\Electrical\NRF24-MultiWii-Drone\MultiWiiConf\MultiWiiConf\application.windows64\lib\opengl.jar
PATH=C:\Program Files\Common Files\Oracle\Java\javapath;C:\WINDOWS\system32;C:\WINDOWS;C:\WINDOWS\System32\Wbem;C:\WINDOWS\System32\WindowsPowerShell\v1.0;C:\Program Files\Git\cmd;C:\Program Files\Java\jdk-11.0.17\bin;C:\Program Files\apache-maven-3.9.3\bin;C:\WINDOWS\system32;C:\WINDOWS;C:\WINDOWS\System32\Wbem;C:\WINDOWS\System32\WindowsPowerShell\v1.0;C:\Users\johns\anaconda3;C:\Users\johns\anaconda3\Library\mingw-w64\bin;C:\Users\johns\anaconda3\Library\usr\bin;C:\Users\johns\anaconda3\Library\bin;C:\Users\johns\anaconda3\Scripts;C:\Program Files\MySQL\MySQL Shell 8.0\bin;C:\Users\johns\AppData\Local\Programs\Python\Python39\Scripts;C:\Users\johns\AppData\Local\Programs\Python\Python39;C:\Users\johns\AppData\Local\Microsoft\WindowsApps;C:\Users\johns\AppData\Local\Programs\Microsoft VS Code\bin;C:\Users\johns\AppData\Local\GitHubDesktop\bin;C:\Program Files\Tesseract-OCR
USERNAME=johns
OS=Windows_NT
PROCESSOR_IDENTIFIER=Intel64 Family 6 Model 142 Stepping 12, GenuineIntel



---------------  S Y S T E M  ---------------

OS:
 Windows 11 , 64 bit Build 26100 (10.0.26100.4202)
OS uptime: 0 days 12:37 hours
Hyper-V role detected

CPU: total 8 (initial active 8) (4 cores per cpu, 2 threads per core) family 6 model 142 stepping 12 microcode 0xde, cx8, cmov, fxsr, ht, mmx, 3dnowpref, sse, sse2, sse3, ssse3, sse4.1, sse4.2, popcnt, lzcnt, tsc, tscinvbit, avx, avx2, aes, erms, clmul, bmi1, bmi2, adx, fma, vzeroupper, clflush, clflushopt, hv

Memory: 4k page, system-wide physical 7979M (1257M free)
TotalPageFile size 12617M (AvailPageFile size 2535M)
current process WorkingSet (physical memory assigned to process): 239M, peak: 241M
current process commit charge ("private bytes"): 258M, peak: 272M

vm_info: Java HotSpot(TM) 64-Bit Server VM (17.0.8+9-LTS-211) for windows-amd64 JRE (17.0.8+9-LTS-211), built on Jun 14 2023 10:34:31 by "mach5one" with MS VC++ 17.1 (VS2022)

END.
